This is pdfTeX, Version 3.1415926-1.40.11 (TeX Live 2010) (format=pdflatex 2010.11.21)  25 NOV 2010 23:12
entering extended mode
 %&-line parsing enabled.
**foo.tex
(./foo.tex
LaTeX2e <2009/09/24>
Babel <v3.8l> and hyphenation patterns for english, dumylang, nohyphenation, ba
sque, danish, dutch, finnish, french, german, ngerman, swissgerman, hungarian, 
italian, bokmal, nynorsk, polish, portuguese, spanish, swedish, loaded.
(/usr/local/texlive/2010basic/texmf-dist/tex/latex/base/article.cls
Document Class: article 2007/10/19 v1.4h Standard LaTeX document class
(/usr/local/texlive/2010basic/texmf-dist/tex/latex/base/size10.clo
File: size10.clo 2007/10/19 v1.4h Standard LaTeX file (size option)
)
\c@part=\count79
\c@section=\count80
\c@subsection=\count81
\c@subsubsection=\count82
\c@paragraph=\count83
\c@subparagraph=\count84
\c@figure=\count85
\c@table=\count86
\abovecaptionskip=\skip41
\belowcaptionskip=\skip42
\bibindent=\dimen102
) (./foo.aux)
\openout1 = `foo.aux'.

LaTeX Font Info:    Checking defaults for OML/cmm/m/it on input line 2.
LaTeX Font Info:    ... okay on input line 2.
LaTeX Font Info:    Checking defaults for T1/cmr/m/n on input line 2.
LaTeX Font Info:    ... okay on input line 2.
LaTeX Font Info:    Checking defaults for OT1/cmr/m/n on input line 2.
LaTeX Font Info:    ... okay on input line 2.
LaTeX Font Info:    Checking defaults for OMS/cmsy/m/n on input line 2.
LaTeX Font Info:    ... okay on input line 2.
LaTeX Font Info:    Checking defaults for OMX/cmex/m/n on input line 2.
LaTeX Font Info:    ... okay on input line 2.
LaTeX Font Info:    Checking defaults for U/cmr/m/n on input line 2.
LaTeX Font Info:    ... okay on input line 2.
 [1

{/usr/local/texlive/2010basic/texmf-var/fonts/map/pdftex/updmap/pdftex.map}] (.
/foo.aux) ) 
Here is how much of TeX's memory you used:
 205 strings out of 494749
 2196 string characters out of 3170618
 46371 words of memory out of 3000000
 3500 multiletter control sequences out of 15000+200000
 4345 words of font info for 16 fonts, out of 3000000 for 9000
 166 hyphenation exceptions out of 8191
 23i,4n,17p,150b,107s stack positions out of 5000i,500n,10000p,200000b,50000s
</usr/local/texlive/2010basic/texmf-dist/fonts/type1/public/amsfonts
/cm/cmbxti10.pfb></usr/local/texlive/2010basic/texmf-dist/fonts/type1/public/am
sfonts/cm/cmr10.pfb></usr/local/texlive/2010basic/texmf-dist/fonts/type1/public
/amsfonts/cm/cmti10.pfb>
Output written on foo.pdf (1 page, 27629 bytes).
PDF statistics:
 20 PDF objects out of 1000 (max. 8388607)
 13 compressed objects within 1 object stream
 0 named destinations out of 1000 (max. 500000)
 1 words of extra memory for PDF output out of 10000 (max. 10000000)

